[debug] [2024-04-01T23:20:26.925Z] ----------------------------------------------------------------------
[debug] [2024-04-01T23:20:26.929Z] Command:       D:\node.exe C:\Users\nikit\AppData\Roaming\npm\node_modules\firebase-tools\lib\bin\firebase.js init
[debug] [2024-04-01T23:20:26.929Z] CLI Version:   13.5.2
[debug] [2024-04-01T23:20:26.929Z] Platform:      win32
[debug] [2024-04-01T23:20:26.929Z] Node Version:  v20.9.0
[debug] [2024-04-01T23:20:26.930Z] Time:          Mon Apr 01 2024 19:20:26 GMT-0400 (Eastern Daylight Saving Time)
[debug] [2024-04-01T23:20:26.930Z] ----------------------------------------------------------------------
[debug] 
[debug] [2024-04-01T23:20:26.937Z] > command requires scopes: ["email","openid","https://www.googleapis.com/auth/cloudplatformprojects.readonly","https://www.googleapis.com/auth/firebase","https://www.googleapis.com/auth/cloud-platform"]
[debug] [2024-04-01T23:20:26.937Z] > authorizing via signed-in user (nikitaszvan@gmail.com)
[info] 
     ######## #### ########  ######## ########     ###     ######  ########
     ##        ##  ##     ## ##       ##     ##  ##   ##  ##       ##
     ######    ##  ########  ######   ########  #########  ######  ######
     ##        ##  ##    ##  ##       ##     ## ##     ##       ## ##
     ##       #### ##     ## ######## ########  ##     ##  ######  ########

You're about to initialize a Firebase project in this directory:

  C:\Users\nikit\OneDrive\Documents\Github\real-estate-webpage

[info] 
=== Project Setup
[info] 
[info] First, let's associate this project directory with a Firebase project.
[info] You can create multiple project aliases by running firebase use --add, 
[info] but for now we'll just set up a default project.
[info] 
[debug] [2024-04-01T23:20:42.737Z] > refreshing access token with scopes: []
[debug] [2024-04-01T23:20:42.742Z] >>> [apiv2][query] POST https://www.googleapis.com/oauth2/v3/token [none]
[debug] [2024-04-01T23:20:42.742Z] >>> [apiv2][body] POST https://www.googleapis.com/oauth2/v3/token [omitted]
[debug] [2024-04-01T23:20:43.124Z] <<< [apiv2][status] POST https://www.googleapis.com/oauth2/v3/token 200
[debug] [2024-04-01T23:20:43.124Z] <<< [apiv2][body] POST https://www.googleapis.com/oauth2/v3/token [omitted]
[debug] [2024-04-01T23:20:43.143Z] >>> [apiv2][query] GET https://firebase.googleapis.com/v1beta1/projects pageSize=100
[debug] [2024-04-01T23:20:43.539Z] <<< [apiv2][status] GET https://firebase.googleapis.com/v1beta1/projects 200
[debug] [2024-04-01T23:20:43.540Z] <<< [apiv2][body] GET https://firebase.googleapis.com/v1beta1/projects [omitted]
[info] i  Using project real-estate-project-356e9 (real-estate-project) 
[info] 
=== Hosting Setup
[debug] [2024-04-01T23:20:46.288Z] >>> [apiv2][query] GET https://firebase.googleapis.com/v1beta1/projects/real-estate-project-356e9 [none]
[debug] [2024-04-01T23:20:46.479Z] <<< [apiv2][status] GET https://firebase.googleapis.com/v1beta1/projects/real-estate-project-356e9 200
[debug] [2024-04-01T23:20:46.479Z] <<< [apiv2][body] GET https://firebase.googleapis.com/v1beta1/projects/real-estate-project-356e9 {"projectId":"real-estate-project-356e9","projectNumber":"530334478359","displayName":"real-estate-project","name":"projects/real-estate-project-356e9","resources":{"hostingSite":"real-estate-project-356e9"},"state":"ACTIVE","etag":"1_430f6731-211c-45c9-afd1-8d0a7f59f3a4"}
[info] 
[info] Your public directory is the folder (relative to your project directory) that
[info] will contain Hosting assets to be uploaded with firebase deploy. If you
[info] have a build process for your assets, use your build's output directory.
[info] 
[info] +  Wrote public/404.html 
[debug] [2024-04-01T23:21:24.637Z] >>> [apiv2][query] GET https://www.gstatic.com/firebasejs/releases.json [none]
[debug] [2024-04-01T23:21:24.686Z] <<< [apiv2][status] GET https://www.gstatic.com/firebasejs/releases.json 200
[debug] [2024-04-01T23:21:24.686Z] <<< [apiv2][body] GET https://www.gstatic.com/firebasejs/releases.json {"current":{"version":"10.10.0","browserURL":"https://www.gstatic.com/firebasejs/10.10.0/firebase.js","packageURL":"https://www.gstatic.com/firebasejs/10.10.0/firebase.tgz"},"live":{"version":"10.10","browserURL":"https://www.gstatic.com/firebasejs/live/10.10/firebase.js","packageURL":"https://www.gstatic.com/firebasejs/live/10.10/firebase.tgz"},"components":{"analytics":"https://www.gstatic.com/firebasejs/10.10.0/firebase-analytics.js","app":"https://www.gstatic.com/firebasejs/10.10.0/firebase-app.js","app-check":"https://www.gstatic.com/firebasejs/10.10.0/firebase-app-check.js","auth":"https://www.gstatic.com/firebasejs/10.10.0/firebase-auth.js","auth/cordova":"https://www.gstatic.com/firebasejs/10.10.0/firebase-auth/cordova.js","auth/web-extension":"https://www.gstatic.com/firebasejs/10.10.0/firebase-auth/web-extension.js","functions":"https://www.gstatic.com/firebasejs/10.10.0/firebase-functions.js","firestore":"https://www.gstatic.com/firebasejs/10.10.0/firebase-firestore.js","firestore/lite":"https://www.gstatic.com/firebasejs/10.10.0/firebase-firestore/lite.js","installations":"https://www.gstatic.com/firebasejs/10.10.0/firebase-installations.js","storage":"https://www.gstatic.com/firebasejs/10.10.0/firebase-storage.js","performance":"https://www.gstatic.com/firebasejs/10.10.0/firebase-performance.js","remote-config":"https://www.gstatic.com/firebasejs/10.10.0/firebase-remote-config.js","messaging":"https://www.gstatic.com/firebasejs/10.10.0/firebase-messaging.js","messaging/sw":"https://www.gstatic.com/firebasejs/10.10.0/firebase-messaging/sw.js","database":"https://www.gstatic.com/firebasejs/10.10.0/firebase-database.js","firestore.memory":"https://www.gstatic.com/firebasejs/10.10.0/firebase-firestore.memory.js"}}
[info] i  Skipping write of public/index.html 
[info] 
[info] i  Detected a .git folder at C:\Users\nikit\OneDrive\Documents\Github\real-estate-webpage 
[info] i  Authorizing with GitHub to upload your service account to a GitHub repository's secrets store. 
[info] 
[info] Visit this URL on this device to log in:
[info] https://github.com/login/oauth/authorize?client_id=89cf50f02ac6aaed3484&state=918551052&redirect_uri=http%3A%2F%2Flocalhost%3A9005&scope=read%3Auser%20repo%20public_repo
[info] 
[info] Waiting for authentication...
[debug] [2024-04-01T23:26:26.431Z] >>> [apiv2][query] POST https://github.com/login/oauth/access_token [none]
[debug] [2024-04-01T23:26:26.432Z] >>> [apiv2][body] POST https://github.com/login/oauth/access_token [stream]
[debug] [2024-04-01T23:26:26.642Z] <<< [apiv2][status] POST https://github.com/login/oauth/access_token 200
[debug] [2024-04-01T23:26:26.643Z] <<< [apiv2][body] POST https://github.com/login/oauth/access_token {"access_token":"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","token_type":"bearer","scope":"read:user,repo"}
[debug] [2024-04-01T23:26:26.724Z] >>> [apiv2][query] GET https://api.github.com/user [none]
[debug] [2024-04-01T23:26:26.904Z] <<< [apiv2][status] GET https://api.github.com/user 200
[debug] [2024-04-01T23:26:26.904Z] <<< [apiv2][body] GET https://api.github.com/user {"login":"nikitaszvan","id":138067509,"node_id":"U_kgDOCDq-NQ","avatar_url":"https://avatars.githubusercontent.com/u/138067509?v=4","gravatar_id":"","url":"https://api.github.com/users/nikitaszvan","html_url":"https://github.com/nikitaszvan","followers_url":"https://api.github.com/users/nikitaszvan/followers","following_url":"https://api.github.com/users/nikitaszvan/following{/other_user}","gists_url":"https://api.github.com/users/nikitaszvan/gists{/gist_id}","starred_url":"https://api.github.com/users/nikitaszvan/starred{/owner}{/repo}","subscriptions_url":"https://api.github.com/users/nikitaszvan/subscriptions","organizations_url":"https://api.github.com/users/nikitaszvan/orgs","repos_url":"https://api.github.com/users/nikitaszvan/repos","events_url":"https://api.github.com/users/nikitaszvan/events{/privacy}","received_events_url":"https://api.github.com/users/nikitaszvan/received_events","type":"User","site_admin":false,"name":"Nikita Van","company":null,"blog":"","location":null,"email":null,"hireable":null,"bio":null,"twitter_username":null,"public_repos":3,"public_gists":0,"followers":0,"following":1,"created_at":"2023-06-28T20:46:31Z","updated_at":"2024-04-01T23:26:18Z","private_gists":0,"total_private_repos":9,"owned_private_repos":9,"disk_usage":51947,"collaborators":1,"two_factor_authentication":false,"plan":{"name":"free","space":976562499,"collaborators":0,"private_repos":10000}}
[info] 
[info] +  Success! Logged into GitHub as nikitaszvan 
[info] 
